2025-12-17 08:46:56.794 [main] INFO  com.blog.analytics.BlogAnalyticsApplication - Starting BlogAnalyticsApplication using Java 17.0.16 on zhnagqi17 with PID 28120 (D:\project\github\hoppinzq-blog-back\target\classes started by zhangqi17 in D:\project\github\hoppinzq-blog-back)
2025-12-17 08:46:56.815 [main] DEBUG com.blog.analytics.BlogAnalyticsApplication - Running with Spring Boot v2.7.18, Spring v5.3.31
2025-12-17 08:46:56.816 [main] INFO  com.blog.analytics.BlogAnalyticsApplication - No active profile set, falling back to 1 default profile: "default"
2025-12-17 08:46:58.715 [main] INFO  o.s.d.r.config.RepositoryConfigurationDelegate - Multiple Spring Data modules found, entering strict repository configuration mode
2025-12-17 08:46:58.720 [main] INFO  o.s.d.r.config.RepositoryConfigurationDelegate - Bootstrapping Spring Data Redis repositories in DEFAULT mode.
2025-12-17 08:46:58.760 [main] INFO  o.s.d.r.config.RepositoryConfigurationDelegate - Finished Spring Data repository scanning in 17 ms. Found 0 Redis repository interfaces.
2025-12-17 08:46:59.940 [main] INFO  o.s.boot.web.embedded.tomcat.TomcatWebServer - Tomcat initialized with port(s): 8080 (http)
2025-12-17 08:46:59.960 [main] INFO  org.apache.catalina.core.StandardService - Starting service [Tomcat]
2025-12-17 08:46:59.961 [main] INFO  org.apache.catalina.core.StandardEngine - Starting Servlet engine: [Apache Tomcat/9.0.83]
2025-12-17 08:47:00.445 [main] INFO  o.a.c.core.ContainerBase.[Tomcat].[localhost].[/] - Initializing Spring embedded WebApplicationContext
2025-12-17 08:47:00.446 [main] INFO  o.s.b.w.s.c.ServletWebServerApplicationContext - Root WebApplicationContext: initialization completed in 3497 ms
2025-12-17 08:47:04.845 [main] INFO  o.s.b.actuate.endpoint.web.EndpointLinksResolver - Exposing 3 endpoint(s) beneath base path '/actuator'
2025-12-17 08:47:05.066 [main] INFO  o.s.boot.web.embedded.tomcat.TomcatWebServer - Tomcat started on port(s): 8080 (http) with context path ''
2025-12-17 08:47:05.136 [main] INFO  com.blog.analytics.BlogAnalyticsApplication - Started BlogAnalyticsApplication in 9.261 seconds (JVM running for 11.639)
2025-12-17 08:47:05.151 [main] INFO  com.blog.analytics.config.DatabaseTest - 数据源类型: com.zaxxer.hikari.HikariDataSource
2025-12-17 08:47:05.155 [main] INFO  com.blog.analytics.config.DatabaseTest - 测试数据库连接...
2025-12-17 08:47:05.171 [main] INFO  com.zaxxer.hikari.HikariDataSource - BlogAnalyticsHikariCP - Starting...
2025-12-17 08:47:06.438 [main] ERROR com.zaxxer.hikari.pool.HikariPool - BlogAnalyticsHikariCP - Exception during pool initialization.
com.mysql.cj.jdbc.exceptions.CommunicationsException: Communications link failure

The last packet sent successfully to the server was 0 milliseconds ago. The driver has not received any packets from the server.
	at com.mysql.cj.jdbc.exceptions.SQLError.createCommunicationsException(SQLError.java:175)
	at com.mysql.cj.jdbc.exceptions.SQLExceptionsMapping.translateException(SQLExceptionsMapping.java:64)
	at com.mysql.cj.jdbc.ConnectionImpl.createNewIO(ConnectionImpl.java:825)
	at com.mysql.cj.jdbc.ConnectionImpl.<init>(ConnectionImpl.java:446)
	at com.mysql.cj.jdbc.ConnectionImpl.getInstance(ConnectionImpl.java:239)
	at com.mysql.cj.jdbc.NonRegisteringDriver.connect(NonRegisteringDriver.java:188)
	at com.zaxxer.hikari.util.DriverDataSource.getConnection(DriverDataSource.java:138)
	at com.zaxxer.hikari.pool.PoolBase.newConnection(PoolBase.java:364)
	at com.zaxxer.hikari.pool.PoolBase.newPoolEntry(PoolBase.java:206)
	at com.zaxxer.hikari.pool.HikariPool.createPoolEntry(HikariPool.java:476)
	at com.zaxxer.hikari.pool.HikariPool.checkFailFast(HikariPool.java:561)
	at com.zaxxer.hikari.pool.HikariPool.<init>(HikariPool.java:115)
	at com.zaxxer.hikari.HikariDataSource.getConnection(HikariDataSource.java:112)
	at org.springframework.jdbc.datasource.DataSourceUtils.fetchConnection(DataSourceUtils.java:160)
	at org.springframework.jdbc.datasource.DataSourceUtils.doGetConnection(DataSourceUtils.java:118)
	at org.springframework.jdbc.datasource.DataSourceUtils.getConnection(DataSourceUtils.java:81)
	at org.springframework.jdbc.core.JdbcTemplate.execute(JdbcTemplate.java:378)
	at org.springframework.jdbc.core.JdbcTemplate.query(JdbcTemplate.java:468)
	at org.springframework.jdbc.core.JdbcTemplate.query(JdbcTemplate.java:478)
	at org.springframework.jdbc.core.JdbcTemplate.queryForObject(JdbcTemplate.java:511)
	at org.springframework.jdbc.core.JdbcTemplate.queryForObject(JdbcTemplate.java:518)
	at com.blog.analytics.config.DatabaseTest.lambda$testDatabaseConnection$0(DatabaseTest.java:30)
	at org.springframework.boot.SpringApplication.callRunner(SpringApplication.java:765)
	at org.springframework.boot.SpringApplication.lambda$callRunners$2(SpringApplication.java:749)
	at java.base/java.util.stream.ForEachOps$ForEachOp$OfRef.accept(ForEachOps.java:183)
	at java.base/java.util.stream.SortedOps$SizedRefSortingSink.end(SortedOps.java:357)
	at java.base/java.util.stream.AbstractPipeline.copyInto(AbstractPipeline.java:510)
	at java.base/java.util.stream.AbstractPipeline.wrapAndCopyInto(AbstractPipeline.java:499)
	at java.base/java.util.stream.ForEachOps$ForEachOp.evaluateSequential(ForEachOps.java:150)
	at java.base/java.util.stream.ForEachOps$ForEachOp$OfRef.evaluateSequential(ForEachOps.java:173)
	at java.base/java.util.stream.AbstractPipeline.evaluate(AbstractPipeline.java:234)
	at java.base/java.util.stream.ReferencePipeline.forEach(ReferencePipeline.java:596)
	at org.springframework.boot.SpringApplication.callRunners(SpringApplication.java:744)
	at org.springframework.boot.SpringApplication.run(SpringApplication.java:315)
	at org.springframework.boot.SpringApplication.run(SpringApplication.java:1300)
	at org.springframework.boot.SpringApplication.run(SpringApplication.java:1289)
	at com.blog.analytics.BlogAnalyticsApplication.main(BlogAnalyticsApplication.java:22)
Caused by: com.mysql.cj.exceptions.CJCommunicationsException: Communications link failure

The last packet sent successfully to the server was 0 milliseconds ago. The driver has not received any packets from the server.
	at java.base/jdk.internal.reflect.NativeConstructorAccessorImpl.newInstance0(Native Method)
	at java.base/jdk.internal.reflect.NativeConstructorAccessorImpl.newInstance(NativeConstructorAccessorImpl.java:77)
	at java.base/jdk.internal.reflect.DelegatingConstructorAccessorImpl.newInstance(DelegatingConstructorAccessorImpl.java:45)
	at java.base/java.lang.reflect.Constructor.newInstanceWithCaller(Constructor.java:500)
	at java.base/java.lang.reflect.Constructor.newInstance(Constructor.java:481)
	at com.mysql.cj.exceptions.ExceptionFactory.createException(ExceptionFactory.java:62)
	at com.mysql.cj.exceptions.ExceptionFactory.createException(ExceptionFactory.java:105)
	at com.mysql.cj.exceptions.ExceptionFactory.createException(ExceptionFactory.java:150)
	at com.mysql.cj.exceptions.ExceptionFactory.createCommunicationsException(ExceptionFactory.java:166)
	at com.mysql.cj.protocol.a.NativeSocketConnection.connect(NativeSocketConnection.java:89)
	at com.mysql.cj.NativeSession.connect(NativeSession.java:121)
	at com.mysql.cj.jdbc.ConnectionImpl.connectOneTryOnly(ConnectionImpl.java:945)
	at com.mysql.cj.jdbc.ConnectionImpl.createNewIO(ConnectionImpl.java:815)
	... 34 common frames omitted
Caused by: java.net.ConnectException: Connection refused: getsockopt
	at java.base/sun.nio.ch.Net.pollConnect(Native Method)
	at java.base/sun.nio.ch.Net.pollConnectNow(Net.java:672)
	at java.base/sun.nio.ch.NioSocketImpl.timedFinishConnect(NioSocketImpl.java:554)
	at java.base/sun.nio.ch.NioSocketImpl.connect(NioSocketImpl.java:602)
	at java.base/java.net.SocksSocketImpl.connect(SocksSocketImpl.java:327)
	at java.base/java.net.Socket.connect(Socket.java:633)
	at com.mysql.cj.protocol.StandardSocketFactory.connect(StandardSocketFactory.java:153)
	at com.mysql.cj.protocol.a.NativeSocketConnection.connect(NativeSocketConnection.java:63)
	... 37 common frames omitted
2025-12-17 08:47:06.441 [main] ERROR com.blog.analytics.config.DatabaseTest - 数据库连接测试失败！
org.springframework.jdbc.CannotGetJdbcConnectionException: Failed to obtain JDBC Connection; nested exception is com.mysql.cj.jdbc.exceptions.CommunicationsException: Communications link failure

The last packet sent successfully to the server was 0 milliseconds ago. The driver has not received any packets from the server.
	at org.springframework.jdbc.datasource.DataSourceUtils.getConnection(DataSourceUtils.java:84)
	at org.springframework.jdbc.core.JdbcTemplate.execute(JdbcTemplate.java:378)
	at org.springframework.jdbc.core.JdbcTemplate.query(JdbcTemplate.java:468)
	at org.springframework.jdbc.core.JdbcTemplate.query(JdbcTemplate.java:478)
	at org.springframework.jdbc.core.JdbcTemplate.queryForObject(JdbcTemplate.java:511)
	at org.springframework.jdbc.core.JdbcTemplate.queryForObject(JdbcTemplate.java:518)
	at com.blog.analytics.config.DatabaseTest.lambda$testDatabaseConnection$0(DatabaseTest.java:30)
	at org.springframework.boot.SpringApplication.callRunner(SpringApplication.java:765)
	at org.springframework.boot.SpringApplication.lambda$callRunners$2(SpringApplication.java:749)
	at java.base/java.util.stream.ForEachOps$ForEachOp$OfRef.accept(ForEachOps.java:183)
	at java.base/java.util.stream.SortedOps$SizedRefSortingSink.end(SortedOps.java:357)
	at java.base/java.util.stream.AbstractPipeline.copyInto(AbstractPipeline.java:510)
	at java.base/java.util.stream.AbstractPipeline.wrapAndCopyInto(AbstractPipeline.java:499)
	at java.base/java.util.stream.ForEachOps$ForEachOp.evaluateSequential(ForEachOps.java:150)
	at java.base/java.util.stream.ForEachOps$ForEachOp$OfRef.evaluateSequential(ForEachOps.java:173)
	at java.base/java.util.stream.AbstractPipeline.evaluate(AbstractPipeline.java:234)
	at java.base/java.util.stream.ReferencePipeline.forEach(ReferencePipeline.java:596)
	at org.springframework.boot.SpringApplication.callRunners(SpringApplication.java:744)
	at org.springframework.boot.SpringApplication.run(SpringApplication.java:315)
	at org.springframework.boot.SpringApplication.run(SpringApplication.java:1300)
	at org.springframework.boot.SpringApplication.run(SpringApplication.java:1289)
	at com.blog.analytics.BlogAnalyticsApplication.main(BlogAnalyticsApplication.java:22)
Caused by: com.mysql.cj.jdbc.exceptions.CommunicationsException: Communications link failure

The last packet sent successfully to the server was 0 milliseconds ago. The driver has not received any packets from the server.
	at com.mysql.cj.jdbc.exceptions.SQLError.createCommunicationsException(SQLError.java:175)
	at com.mysql.cj.jdbc.exceptions.SQLExceptionsMapping.translateException(SQLExceptionsMapping.java:64)
	at com.mysql.cj.jdbc.ConnectionImpl.createNewIO(ConnectionImpl.java:825)
	at com.mysql.cj.jdbc.ConnectionImpl.<init>(ConnectionImpl.java:446)
	at com.mysql.cj.jdbc.ConnectionImpl.getInstance(ConnectionImpl.java:239)
	at com.mysql.cj.jdbc.NonRegisteringDriver.connect(NonRegisteringDriver.java:188)
	at com.zaxxer.hikari.util.DriverDataSource.getConnection(DriverDataSource.java:138)
	at com.zaxxer.hikari.pool.PoolBase.newConnection(PoolBase.java:364)
	at com.zaxxer.hikari.pool.PoolBase.newPoolEntry(PoolBase.java:206)
	at com.zaxxer.hikari.pool.HikariPool.createPoolEntry(HikariPool.java:476)
	at com.zaxxer.hikari.pool.HikariPool.checkFailFast(HikariPool.java:561)
	at com.zaxxer.hikari.pool.HikariPool.<init>(HikariPool.java:115)
	at com.zaxxer.hikari.HikariDataSource.getConnection(HikariDataSource.java:112)
	at org.springframework.jdbc.datasource.DataSourceUtils.fetchConnection(DataSourceUtils.java:160)
	at org.springframework.jdbc.datasource.DataSourceUtils.doGetConnection(DataSourceUtils.java:118)
	at org.springframework.jdbc.datasource.DataSourceUtils.getConnection(DataSourceUtils.java:81)
	... 21 common frames omitted
Caused by: com.mysql.cj.exceptions.CJCommunicationsException: Communications link failure

The last packet sent successfully to the server was 0 milliseconds ago. The driver has not received any packets from the server.
	at java.base/jdk.internal.reflect.NativeConstructorAccessorImpl.newInstance0(Native Method)
	at java.base/jdk.internal.reflect.NativeConstructorAccessorImpl.newInstance(NativeConstructorAccessorImpl.java:77)
	at java.base/jdk.internal.reflect.DelegatingConstructorAccessorImpl.newInstance(DelegatingConstructorAccessorImpl.java:45)
	at java.base/java.lang.reflect.Constructor.newInstanceWithCaller(Constructor.java:500)
	at java.base/java.lang.reflect.Constructor.newInstance(Constructor.java:481)
	at com.mysql.cj.exceptions.ExceptionFactory.createException(ExceptionFactory.java:62)
	at com.mysql.cj.exceptions.ExceptionFactory.createException(ExceptionFactory.java:105)
	at com.mysql.cj.exceptions.ExceptionFactory.createException(ExceptionFactory.java:150)
	at com.mysql.cj.exceptions.ExceptionFactory.createCommunicationsException(ExceptionFactory.java:166)
	at com.mysql.cj.protocol.a.NativeSocketConnection.connect(NativeSocketConnection.java:89)
	at com.mysql.cj.NativeSession.connect(NativeSession.java:121)
	at com.mysql.cj.jdbc.ConnectionImpl.connectOneTryOnly(ConnectionImpl.java:945)
	at com.mysql.cj.jdbc.ConnectionImpl.createNewIO(ConnectionImpl.java:815)
	... 34 common frames omitted
Caused by: java.net.ConnectException: Connection refused: getsockopt
	at java.base/sun.nio.ch.Net.pollConnect(Native Method)
	at java.base/sun.nio.ch.Net.pollConnectNow(Net.java:672)
	at java.base/sun.nio.ch.NioSocketImpl.timedFinishConnect(NioSocketImpl.java:554)
	at java.base/sun.nio.ch.NioSocketImpl.connect(NioSocketImpl.java:602)
	at java.base/java.net.SocksSocketImpl.connect(SocksSocketImpl.java:327)
	at java.base/java.net.Socket.connect(Socket.java:633)
	at com.mysql.cj.protocol.StandardSocketFactory.connect(StandardSocketFactory.java:153)
	at com.mysql.cj.protocol.a.NativeSocketConnection.connect(NativeSocketConnection.java:63)
	... 37 common frames omitted
2025-12-17 08:47:06.450 [main] INFO  o.s.b.a.l.ConditionEvaluationReportLoggingListener - 

Error starting ApplicationContext. To display the conditions report re-run your application with 'debug' enabled.
2025-12-17 08:47:06.507 [main] ERROR org.springframework.boot.SpringApplication - Application run failed
java.lang.IllegalStateException: Failed to execute CommandLineRunner
	at org.springframework.boot.SpringApplication.callRunner(SpringApplication.java:768)
	at org.springframework.boot.SpringApplication.lambda$callRunners$2(SpringApplication.java:749)
	at java.base/java.util.stream.ForEachOps$ForEachOp$OfRef.accept(ForEachOps.java:183)
	at java.base/java.util.stream.SortedOps$SizedRefSortingSink.end(SortedOps.java:357)
	at java.base/java.util.stream.AbstractPipeline.copyInto(AbstractPipeline.java:510)
	at java.base/java.util.stream.AbstractPipeline.wrapAndCopyInto(AbstractPipeline.java:499)
	at java.base/java.util.stream.ForEachOps$ForEachOp.evaluateSequential(ForEachOps.java:150)
	at java.base/java.util.stream.ForEachOps$ForEachOp$OfRef.evaluateSequential(ForEachOps.java:173)
	at java.base/java.util.stream.AbstractPipeline.evaluate(AbstractPipeline.java:234)
	at java.base/java.util.stream.ReferencePipeline.forEach(ReferencePipeline.java:596)
	at org.springframework.boot.SpringApplication.callRunners(SpringApplication.java:744)
	at org.springframework.boot.SpringApplication.run(SpringApplication.java:315)
	at org.springframework.boot.SpringApplication.run(SpringApplication.java:1300)
	at org.springframework.boot.SpringApplication.run(SpringApplication.java:1289)
	at com.blog.analytics.BlogAnalyticsApplication.main(BlogAnalyticsApplication.java:22)
Caused by: org.springframework.jdbc.CannotGetJdbcConnectionException: Failed to obtain JDBC Connection; nested exception is com.mysql.cj.jdbc.exceptions.CommunicationsException: Communications link failure

The last packet sent successfully to the server was 0 milliseconds ago. The driver has not received any packets from the server.
	at org.springframework.jdbc.datasource.DataSourceUtils.getConnection(DataSourceUtils.java:84)
	at org.springframework.jdbc.core.JdbcTemplate.execute(JdbcTemplate.java:378)
	at org.springframework.jdbc.core.JdbcTemplate.query(JdbcTemplate.java:468)
	at org.springframework.jdbc.core.JdbcTemplate.query(JdbcTemplate.java:478)
	at org.springframework.jdbc.core.JdbcTemplate.queryForObject(JdbcTemplate.java:511)
	at org.springframework.jdbc.core.JdbcTemplate.queryForObject(JdbcTemplate.java:518)
	at com.blog.analytics.config.DatabaseTest.lambda$testDatabaseConnection$0(DatabaseTest.java:30)
	at org.springframework.boot.SpringApplication.callRunner(SpringApplication.java:765)
	... 14 common frames omitted
Caused by: com.mysql.cj.jdbc.exceptions.CommunicationsException: Communications link failure

The last packet sent successfully to the server was 0 milliseconds ago. The driver has not received any packets from the server.
	at com.mysql.cj.jdbc.exceptions.SQLError.createCommunicationsException(SQLError.java:175)
	at com.mysql.cj.jdbc.exceptions.SQLExceptionsMapping.translateException(SQLExceptionsMapping.java:64)
	at com.mysql.cj.jdbc.ConnectionImpl.createNewIO(ConnectionImpl.java:825)
	at com.mysql.cj.jdbc.ConnectionImpl.<init>(ConnectionImpl.java:446)
	at com.mysql.cj.jdbc.ConnectionImpl.getInstance(ConnectionImpl.java:239)
	at com.mysql.cj.jdbc.NonRegisteringDriver.connect(NonRegisteringDriver.java:188)
	at com.zaxxer.hikari.util.DriverDataSource.getConnection(DriverDataSource.java:138)
	at com.zaxxer.hikari.pool.PoolBase.newConnection(PoolBase.java:364)
	at com.zaxxer.hikari.pool.PoolBase.newPoolEntry(PoolBase.java:206)
	at com.zaxxer.hikari.pool.HikariPool.createPoolEntry(HikariPool.java:476)
	at com.zaxxer.hikari.pool.HikariPool.checkFailFast(HikariPool.java:561)
	at com.zaxxer.hikari.pool.HikariPool.<init>(HikariPool.java:115)
	at com.zaxxer.hikari.HikariDataSource.getConnection(HikariDataSource.java:112)
	at org.springframework.jdbc.datasource.DataSourceUtils.fetchConnection(DataSourceUtils.java:160)
	at org.springframework.jdbc.datasource.DataSourceUtils.doGetConnection(DataSourceUtils.java:118)
	at org.springframework.jdbc.datasource.DataSourceUtils.getConnection(DataSourceUtils.java:81)
	... 21 common frames omitted
Caused by: com.mysql.cj.exceptions.CJCommunicationsException: Communications link failure

The last packet sent successfully to the server was 0 milliseconds ago. The driver has not received any packets from the server.
	at java.base/jdk.internal.reflect.NativeConstructorAccessorImpl.newInstance0(Native Method)
	at java.base/jdk.internal.reflect.NativeConstructorAccessorImpl.newInstance(NativeConstructorAccessorImpl.java:77)
	at java.base/jdk.internal.reflect.DelegatingConstructorAccessorImpl.newInstance(DelegatingConstructorAccessorImpl.java:45)
	at java.base/java.lang.reflect.Constructor.newInstanceWithCaller(Constructor.java:500)
	at java.base/java.lang.reflect.Constructor.newInstance(Constructor.java:481)
	at com.mysql.cj.exceptions.ExceptionFactory.createException(ExceptionFactory.java:62)
	at com.mysql.cj.exceptions.ExceptionFactory.createException(ExceptionFactory.java:105)
	at com.mysql.cj.exceptions.ExceptionFactory.createException(ExceptionFactory.java:150)
	at com.mysql.cj.exceptions.ExceptionFactory.createCommunicationsException(ExceptionFactory.java:166)
	at com.mysql.cj.protocol.a.NativeSocketConnection.connect(NativeSocketConnection.java:89)
	at com.mysql.cj.NativeSession.connect(NativeSession.java:121)
	at com.mysql.cj.jdbc.ConnectionImpl.connectOneTryOnly(ConnectionImpl.java:945)
	at com.mysql.cj.jdbc.ConnectionImpl.createNewIO(ConnectionImpl.java:815)
	... 34 common frames omitted
Caused by: java.net.ConnectException: Connection refused: getsockopt
	at java.base/sun.nio.ch.Net.pollConnect(Native Method)
	at java.base/sun.nio.ch.Net.pollConnectNow(Net.java:672)
	at java.base/sun.nio.ch.NioSocketImpl.timedFinishConnect(NioSocketImpl.java:554)
	at java.base/sun.nio.ch.NioSocketImpl.connect(NioSocketImpl.java:602)
	at java.base/java.net.SocksSocketImpl.connect(SocksSocketImpl.java:327)
	at java.base/java.net.Socket.connect(Socket.java:633)
	at com.mysql.cj.protocol.StandardSocketFactory.connect(StandardSocketFactory.java:153)
	at com.mysql.cj.protocol.a.NativeSocketConnection.connect(NativeSocketConnection.java:63)
	... 37 common frames omitted
2025-12-17 08:49:47.987 [main] INFO  com.blog.analytics.BlogAnalyticsApplication - Starting BlogAnalyticsApplication using Java 17.0.16 on zhnagqi17 with PID 30608 (D:\project\github\hoppinzq-blog-back\target\classes started by zhangqi17 in D:\project\github\hoppinzq-blog-back)
2025-12-17 08:49:47.988 [main] DEBUG com.blog.analytics.BlogAnalyticsApplication - Running with Spring Boot v2.7.18, Spring v5.3.31
2025-12-17 08:49:47.989 [main] INFO  com.blog.analytics.BlogAnalyticsApplication - No active profile set, falling back to 1 default profile: "default"
2025-12-17 08:49:50.566 [main] INFO  o.s.d.r.config.RepositoryConfigurationDelegate - Multiple Spring Data modules found, entering strict repository configuration mode
2025-12-17 08:49:50.573 [main] INFO  o.s.d.r.config.RepositoryConfigurationDelegate - Bootstrapping Spring Data Redis repositories in DEFAULT mode.
2025-12-17 08:49:50.781 [main] INFO  o.s.d.r.config.RepositoryConfigurationDelegate - Finished Spring Data repository scanning in 134 ms. Found 0 Redis repository interfaces.
2025-12-17 08:49:52.000 [main] INFO  o.s.boot.web.embedded.tomcat.TomcatWebServer - Tomcat initialized with port(s): 8080 (http)
2025-12-17 08:49:52.010 [main] INFO  org.apache.catalina.core.StandardService - Starting service [Tomcat]
2025-12-17 08:49:52.011 [main] INFO  org.apache.catalina.core.StandardEngine - Starting Servlet engine: [Apache Tomcat/9.0.83]
2025-12-17 08:49:52.261 [main] INFO  o.a.c.core.ContainerBase.[Tomcat].[localhost].[/] - Initializing Spring embedded WebApplicationContext
2025-12-17 08:49:52.261 [main] INFO  o.s.b.w.s.c.ServletWebServerApplicationContext - Root WebApplicationContext: initialization completed in 4209 ms
2025-12-17 08:49:54.141 [main] INFO  o.s.b.actuate.endpoint.web.EndpointLinksResolver - Exposing 3 endpoint(s) beneath base path '/actuator'
2025-12-17 08:49:54.220 [main] INFO  o.s.boot.web.embedded.tomcat.TomcatWebServer - Tomcat started on port(s): 8080 (http) with context path ''
2025-12-17 08:49:54.250 [main] INFO  com.blog.analytics.BlogAnalyticsApplication - Started BlogAnalyticsApplication in 6.974 seconds (JVM running for 8.775)
2025-12-17 08:49:54.258 [main] INFO  com.blog.analytics.config.DatabaseTest - 数据源类型: com.zaxxer.hikari.HikariDataSource
2025-12-17 08:49:54.260 [main] INFO  com.blog.analytics.config.DatabaseTest - 测试数据库连接...
2025-12-17 08:49:54.265 [main] INFO  com.zaxxer.hikari.HikariDataSource - BlogAnalyticsHikariCP - Starting...
2025-12-17 08:49:55.186 [main] INFO  com.zaxxer.hikari.HikariDataSource - BlogAnalyticsHikariCP - Start completed.
2025-12-17 08:49:55.261 [main] INFO  com.blog.analytics.config.DatabaseTest - 数据库连接测试成功，返回值: 1
2025-12-17 08:49:55.319 [main] INFO  com.blog.analytics.config.DatabaseTest - MySQL版本: 8.0.24
2025-12-17 08:49:55.556 [main] INFO  com.blog.analytics.config.DatabaseTest - 数据库表创建测试成功
2025-12-17 08:49:55.706 [main] INFO  com.blog.analytics.config.DatabaseTest - 测试表清理完成
2025-12-17 08:49:55.706 [main] INFO  com.blog.analytics.config.DatabaseTest - 数据库连接配置验证通过！
2025-12-17 08:50:02.529 [http-nio-8080-exec-1] INFO  o.a.c.core.ContainerBase.[Tomcat].[localhost].[/] - Initializing Spring DispatcherServlet 'dispatcherServlet'
2025-12-17 08:50:02.530 [http-nio-8080-exec-1] INFO  org.springframework.web.servlet.DispatcherServlet - Initializing Servlet 'dispatcherServlet'
2025-12-17 08:50:02.531 [http-nio-8080-exec-1] INFO  org.springframework.web.servlet.DispatcherServlet - Completed initialization in 1 ms
2025-12-17 08:50:08.395 [http-nio-8080-exec-2] ERROR com.blog.analytics.controller.ProxyController - 获取新闻热搜失败
java.net.UnknownHostException: 不知道这样的主机。 (hoppin-api.com)
	at java.base/java.net.Inet6AddressImpl.lookupAllHostAddr(Native Method)
	at java.base/java.net.InetAddress$PlatformNameService.lookupAllHostAddr(InetAddress.java:934)
	at java.base/java.net.InetAddress.getAddressesFromNameService(InetAddress.java:1543)
	at java.base/java.net.InetAddress$NameServiceAddresses.get(InetAddress.java:852)
	at java.base/java.net.InetAddress.getAllByName0(InetAddress.java:1533)
	at java.base/java.net.InetAddress.getAllByName(InetAddress.java:1385)
	at java.base/java.net.InetAddress.getAllByName(InetAddress.java:1306)
	at okhttp3.Dns$Companion$DnsSystem.lookup(Dns.kt:49)
	at okhttp3.internal.connection.RouteSelector.resetNextInetSocketAddress(RouteSelector.kt:164)
	at okhttp3.internal.connection.RouteSelector.nextProxy(RouteSelector.kt:129)
	at okhttp3.internal.connection.RouteSelector.next(RouteSelector.kt:71)
	at okhttp3.internal.connection.ExchangeFinder.findConnection(ExchangeFinder.kt:205)
	at okhttp3.internal.connection.ExchangeFinder.findHealthyConnection(ExchangeFinder.kt:106)
	at okhttp3.internal.connection.ExchangeFinder.find(ExchangeFinder.kt:74)
	at okhttp3.internal.connection.RealCall.initExchange$okhttp(RealCall.kt:255)
	at okhttp3.internal.connection.ConnectInterceptor.intercept(ConnectInterceptor.kt:32)
	at okhttp3.internal.http.RealInterceptorChain.proceed(RealInterceptorChain.kt:109)
	at okhttp3.internal.cache.CacheInterceptor.intercept(CacheInterceptor.kt:95)
	at okhttp3.internal.http.RealInterceptorChain.proceed(RealInterceptorChain.kt:109)
	at okhttp3.internal.http.BridgeInterceptor.intercept(BridgeInterceptor.kt:83)
	at okhttp3.internal.http.RealInterceptorChain.proceed(RealInterceptorChain.kt:109)
	at okhttp3.internal.http.RetryAndFollowUpInterceptor.intercept(RetryAndFollowUpInterceptor.kt:76)
	at okhttp3.internal.http.RealInterceptorChain.proceed(RealInterceptorChain.kt:109)
	at okhttp3.internal.connection.RealCall.getResponseWithInterceptorChain$okhttp(RealCall.kt:201)
	at okhttp3.internal.connection.RealCall.execute(RealCall.kt:154)
	at com.blog.analytics.controller.ProxyController.getNewsHotList(ProxyController.java:56)
	at java.base/jdk.internal.reflect.NativeMethodAccessorImpl.invoke0(Native Method)
	at java.base/jdk.internal.reflect.NativeMethodAccessorImpl.invoke(NativeMethodAccessorImpl.java:77)
	at java.base/jdk.internal.reflect.DelegatingMethodAccessorImpl.invoke(DelegatingMethodAccessorImpl.java:43)
	at java.base/java.lang.reflect.Method.invoke(Method.java:569)
	at org.springframework.web.method.support.InvocableHandlerMethod.doInvoke(InvocableHandlerMethod.java:205)
	at org.springframework.web.method.support.InvocableHandlerMethod.invokeForRequest(InvocableHandlerMethod.java:150)
	at org.springframework.web.servlet.mvc.method.annotation.ServletInvocableHandlerMethod.invokeAndHandle(ServletInvocableHandlerMethod.java:117)
	at org.springframework.web.servlet.mvc.method.annotation.RequestMappingHandlerAdapter.invokeHandlerMethod(RequestMappingHandlerAdapter.java:895)
	at org.springframework.web.servlet.mvc.method.annotation.RequestMappingHandlerAdapter.handleInternal(RequestMappingHandlerAdapter.java:808)
	at org.springframework.web.servlet.mvc.method.AbstractHandlerMethodAdapter.handle(AbstractHandlerMethodAdapter.java:87)
	at org.springframework.web.servlet.DispatcherServlet.doDispatch(DispatcherServlet.java:1072)
	at org.springframework.web.servlet.DispatcherServlet.doService(DispatcherServlet.java:965)
	at org.springframework.web.servlet.FrameworkServlet.processRequest(FrameworkServlet.java:1006)
	at org.springframework.web.servlet.FrameworkServlet.doGet(FrameworkServlet.java:898)
	at javax.servlet.http.HttpServlet.service(HttpServlet.java:529)
	at org.springframework.web.servlet.FrameworkServlet.service(FrameworkServlet.java:883)
	at javax.servlet.http.HttpServlet.service(HttpServlet.java:623)
	at org.apache.catalina.core.ApplicationFilterChain.internalDoFilter(ApplicationFilterChain.java:209)
	at org.apache.catalina.core.ApplicationFilterChain.doFilter(ApplicationFilterChain.java:153)
	at org.apache.tomcat.websocket.server.WsFilter.doFilter(WsFilter.java:51)
	at org.apache.catalina.core.ApplicationFilterChain.internalDoFilter(ApplicationFilterChain.java:178)
	at org.apache.catalina.core.ApplicationFilterChain.doFilter(ApplicationFilterChain.java:153)
	at org.springframework.web.filter.RequestContextFilter.doFilterInternal(RequestContextFilter.java:100)
	at org.springframework.web.filter.OncePerRequestFilter.doFilter(OncePerRequestFilter.java:117)
	at org.apache.catalina.core.ApplicationFilterChain.internalDoFilter(ApplicationFilterChain.java:178)
	at org.apache.catalina.core.ApplicationFilterChain.doFilter(ApplicationFilterChain.java:153)
	at org.springframework.web.filter.FormContentFilter.doFilterInternal(FormContentFilter.java:93)
	at org.springframework.web.filter.OncePerRequestFilter.doFilter(OncePerRequestFilter.java:117)
	at org.apache.catalina.core.ApplicationFilterChain.internalDoFilter(ApplicationFilterChain.java:178)
	at org.apache.catalina.core.ApplicationFilterChain.doFilter(ApplicationFilterChain.java:153)
	at org.springframework.boot.actuate.metrics.web.servlet.WebMvcMetricsFilter.doFilterInternal(WebMvcMetricsFilter.java:96)
	at org.springframework.web.filter.OncePerRequestFilter.doFilter(OncePerRequestFilter.java:117)
	at org.apache.catalina.core.ApplicationFilterChain.internalDoFilter(ApplicationFilterChain.java:178)
	at org.apache.catalina.core.ApplicationFilterChain.doFilter(ApplicationFilterChain.java:153)
	at org.springframework.web.filter.CharacterEncodingFilter.doFilterInternal(CharacterEncodingFilter.java:201)
	at org.springframework.web.filter.OncePerRequestFilter.doFilter(OncePerRequestFilter.java:117)
	at org.apache.catalina.core.ApplicationFilterChain.internalDoFilter(ApplicationFilterChain.java:178)
	at org.apache.catalina.core.ApplicationFilterChain.doFilter(ApplicationFilterChain.java:153)
	at org.apache.catalina.core.StandardWrapperValve.invoke(StandardWrapperValve.java:168)
	at org.apache.catalina.core.StandardContextValve.invoke(StandardContextValve.java:90)
	at org.apache.catalina.authenticator.AuthenticatorBase.invoke(AuthenticatorBase.java:481)
	at org.apache.catalina.core.StandardHostValve.invoke(StandardHostValve.java:130)
	at org.apache.catalina.valves.ErrorReportValve.invoke(ErrorReportValve.java:93)
	at org.apache.catalina.core.StandardEngineValve.invoke(StandardEngineValve.java:74)
	at org.apache.catalina.connector.CoyoteAdapter.service(CoyoteAdapter.java:342)
	at org.apache.coyote.http11.Http11Processor.service(Http11Processor.java:390)
	at org.apache.coyote.AbstractProcessorLight.process(AbstractProcessorLight.java:63)
	at org.apache.coyote.AbstractProtocol$ConnectionHandler.process(AbstractProtocol.java:928)
	at org.apache.tomcat.util.net.NioEndpoint$SocketProcessor.doRun(NioEndpoint.java:1794)
	at org.apache.tomcat.util.net.SocketProcessorBase.run(SocketProcessorBase.java:52)
	at org.apache.tomcat.util.threads.ThreadPoolExecutor.runWorker(ThreadPoolExecutor.java:1191)
	at org.apache.tomcat.util.threads.ThreadPoolExecutor$Worker.run(ThreadPoolExecutor.java:659)
	at org.apache.tomcat.util.threads.TaskThread$WrappingRunnable.run(TaskThread.java:61)
	at java.base/java.lang.Thread.run(Thread.java:840)
2025-12-17 08:51:30.946 [SpringApplicationShutdownHook] INFO  com.zaxxer.hikari.HikariDataSource - BlogAnalyticsHikariCP - Shutdown initiated...
2025-12-17 08:51:30.955 [SpringApplicationShutdownHook] INFO  com.zaxxer.hikari.HikariDataSource - BlogAnalyticsHikariCP - Shutdown completed.
2025-12-17 08:51:40.704 [main] INFO  com.blog.analytics.BlogAnalyticsApplication - Starting BlogAnalyticsApplication using Java 17.0.16 on zhnagqi17 with PID 3720 (D:\project\github\hoppinzq-blog-back\target\classes started by zhangqi17 in D:\project\github\hoppinzq-blog-back)
2025-12-17 08:51:40.706 [main] DEBUG com.blog.analytics.BlogAnalyticsApplication - Running with Spring Boot v2.7.18, Spring v5.3.31
2025-12-17 08:51:40.706 [main] INFO  com.blog.analytics.BlogAnalyticsApplication - No active profile set, falling back to 1 default profile: "default"
2025-12-17 08:51:41.788 [main] INFO  o.s.d.r.config.RepositoryConfigurationDelegate - Multiple Spring Data modules found, entering strict repository configuration mode
2025-12-17 08:51:41.793 [main] INFO  o.s.d.r.config.RepositoryConfigurationDelegate - Bootstrapping Spring Data Redis repositories in DEFAULT mode.
2025-12-17 08:51:41.820 [main] INFO  o.s.d.r.config.RepositoryConfigurationDelegate - Finished Spring Data repository scanning in 12 ms. Found 0 Redis repository interfaces.
2025-12-17 08:51:42.527 [main] INFO  o.s.boot.web.embedded.tomcat.TomcatWebServer - Tomcat initialized with port(s): 8080 (http)
2025-12-17 08:51:42.536 [main] INFO  org.apache.catalina.core.StandardService - Starting service [Tomcat]
2025-12-17 08:51:42.537 [main] INFO  org.apache.catalina.core.StandardEngine - Starting Servlet engine: [Apache Tomcat/9.0.83]
2025-12-17 08:51:42.766 [main] INFO  o.a.c.core.ContainerBase.[Tomcat].[localhost].[/] - Initializing Spring embedded WebApplicationContext
2025-12-17 08:51:42.767 [main] INFO  o.s.b.w.s.c.ServletWebServerApplicationContext - Root WebApplicationContext: initialization completed in 2000 ms
2025-12-17 08:51:44.593 [main] INFO  o.s.b.actuate.endpoint.web.EndpointLinksResolver - Exposing 3 endpoint(s) beneath base path '/actuator'
2025-12-17 08:51:44.673 [main] INFO  o.s.boot.web.embedded.tomcat.TomcatWebServer - Tomcat started on port(s): 8080 (http) with context path ''
2025-12-17 08:51:44.699 [main] INFO  com.blog.analytics.BlogAnalyticsApplication - Started BlogAnalyticsApplication in 4.606 seconds (JVM running for 6.264)
2025-12-17 08:51:44.709 [main] INFO  com.blog.analytics.config.DatabaseTest - 数据源类型: com.zaxxer.hikari.HikariDataSource
2025-12-17 08:51:44.710 [main] INFO  com.blog.analytics.config.DatabaseTest - 测试数据库连接...
2025-12-17 08:51:44.716 [main] INFO  com.zaxxer.hikari.HikariDataSource - BlogAnalyticsHikariCP - Starting...
2025-12-17 08:51:45.263 [main] INFO  com.zaxxer.hikari.HikariDataSource - BlogAnalyticsHikariCP - Start completed.
2025-12-17 08:51:45.336 [main] INFO  com.blog.analytics.config.DatabaseTest - 数据库连接测试成功，返回值: 1
2025-12-17 08:51:45.388 [main] INFO  com.blog.analytics.config.DatabaseTest - MySQL版本: 8.0.24
2025-12-17 08:51:45.520 [main] INFO  com.blog.analytics.config.DatabaseTest - 数据库表创建测试成功
2025-12-17 08:51:45.641 [main] INFO  com.blog.analytics.config.DatabaseTest - 测试表清理完成
2025-12-17 08:51:45.641 [main] INFO  com.blog.analytics.config.DatabaseTest - 数据库连接配置验证通过！
2025-12-17 08:51:50.057 [http-nio-8080-exec-1] INFO  o.a.c.core.ContainerBase.[Tomcat].[localhost].[/] - Initializing Spring DispatcherServlet 'dispatcherServlet'
2025-12-17 08:51:50.058 [http-nio-8080-exec-1] INFO  org.springframework.web.servlet.DispatcherServlet - Initializing Servlet 'dispatcherServlet'
2025-12-17 08:51:50.059 [http-nio-8080-exec-1] INFO  org.springframework.web.servlet.DispatcherServlet - Completed initialization in 1 ms
2025-12-17 08:52:26.426 [SpringApplicationShutdownHook] INFO  com.zaxxer.hikari.HikariDataSource - BlogAnalyticsHikariCP - Shutdown initiated...
2025-12-17 08:52:26.432 [SpringApplicationShutdownHook] INFO  com.zaxxer.hikari.HikariDataSource - BlogAnalyticsHikariCP - Shutdown completed.
2025-12-17 08:52:31.743 [main] INFO  com.blog.analytics.BlogAnalyticsApplication - Starting BlogAnalyticsApplication using Java 17.0.16 on zhnagqi17 with PID 16476 (D:\project\github\hoppinzq-blog-back\target\classes started by zhangqi17 in D:\project\github\hoppinzq-blog-back)
2025-12-17 08:52:31.744 [main] DEBUG com.blog.analytics.BlogAnalyticsApplication - Running with Spring Boot v2.7.18, Spring v5.3.31
2025-12-17 08:52:31.745 [main] INFO  com.blog.analytics.BlogAnalyticsApplication - No active profile set, falling back to 1 default profile: "default"
2025-12-17 08:52:32.985 [main] INFO  o.s.d.r.config.RepositoryConfigurationDelegate - Multiple Spring Data modules found, entering strict repository configuration mode
2025-12-17 08:52:32.988 [main] INFO  o.s.d.r.config.RepositoryConfigurationDelegate - Bootstrapping Spring Data Redis repositories in DEFAULT mode.
2025-12-17 08:52:33.016 [main] INFO  o.s.d.r.config.RepositoryConfigurationDelegate - Finished Spring Data repository scanning in 13 ms. Found 0 Redis repository interfaces.
2025-12-17 08:52:33.752 [main] INFO  o.s.boot.web.embedded.tomcat.TomcatWebServer - Tomcat initialized with port(s): 9050 (http)
2025-12-17 08:52:33.762 [main] INFO  org.apache.catalina.core.StandardService - Starting service [Tomcat]
2025-12-17 08:52:33.762 [main] INFO  org.apache.catalina.core.StandardEngine - Starting Servlet engine: [Apache Tomcat/9.0.83]
2025-12-17 08:52:34.099 [main] INFO  o.a.c.core.ContainerBase.[Tomcat].[localhost].[/] - Initializing Spring embedded WebApplicationContext
2025-12-17 08:52:34.099 [main] INFO  o.s.b.w.s.c.ServletWebServerApplicationContext - Root WebApplicationContext: initialization completed in 2279 ms
2025-12-17 08:52:36.072 [main] INFO  o.s.b.actuate.endpoint.web.EndpointLinksResolver - Exposing 3 endpoint(s) beneath base path '/actuator'
2025-12-17 08:52:36.186 [main] INFO  o.s.boot.web.embedded.tomcat.TomcatWebServer - Tomcat started on port(s): 9050 (http) with context path ''
2025-12-17 08:52:36.224 [main] INFO  com.blog.analytics.BlogAnalyticsApplication - Started BlogAnalyticsApplication in 5.224 seconds (JVM running for 7.819)
2025-12-17 08:52:36.235 [main] INFO  com.blog.analytics.config.DatabaseTest - 数据源类型: com.zaxxer.hikari.HikariDataSource
2025-12-17 08:52:36.239 [main] INFO  com.blog.analytics.config.DatabaseTest - 测试数据库连接...
2025-12-17 08:52:36.249 [main] INFO  com.zaxxer.hikari.HikariDataSource - BlogAnalyticsHikariCP - Starting...
2025-12-17 08:52:37.016 [main] INFO  com.zaxxer.hikari.HikariDataSource - BlogAnalyticsHikariCP - Start completed.
2025-12-17 08:52:37.179 [main] INFO  com.blog.analytics.config.DatabaseTest - 数据库连接测试成功，返回值: 1
2025-12-17 08:52:37.236 [main] INFO  com.blog.analytics.config.DatabaseTest - MySQL版本: 8.0.24
2025-12-17 08:52:37.384 [main] INFO  com.blog.analytics.config.DatabaseTest - 数据库表创建测试成功
2025-12-17 08:52:37.536 [main] INFO  com.blog.analytics.config.DatabaseTest - 测试表清理完成
2025-12-17 08:52:37.537 [main] INFO  com.blog.analytics.config.DatabaseTest - 数据库连接配置验证通过！
2025-12-17 08:52:47.410 [SpringApplicationShutdownHook] INFO  com.zaxxer.hikari.HikariDataSource - BlogAnalyticsHikariCP - Shutdown initiated...
2025-12-17 08:52:47.417 [SpringApplicationShutdownHook] INFO  com.zaxxer.hikari.HikariDataSource - BlogAnalyticsHikariCP - Shutdown completed.
2025-12-17 08:52:52.335 [main] INFO  com.blog.analytics.BlogAnalyticsApplication - Starting BlogAnalyticsApplication using Java 17.0.16 on zhnagqi17 with PID 19440 (D:\project\github\hoppinzq-blog-back\target\classes started by zhangqi17 in D:\project\github\hoppinzq-blog-back)
2025-12-17 08:52:52.336 [main] DEBUG com.blog.analytics.BlogAnalyticsApplication - Running with Spring Boot v2.7.18, Spring v5.3.31
2025-12-17 08:52:52.338 [main] INFO  com.blog.analytics.BlogAnalyticsApplication - No active profile set, falling back to 1 default profile: "default"
2025-12-17 08:52:53.705 [main] INFO  o.s.d.r.config.RepositoryConfigurationDelegate - Multiple Spring Data modules found, entering strict repository configuration mode
2025-12-17 08:52:53.708 [main] INFO  o.s.d.r.config.RepositoryConfigurationDelegate - Bootstrapping Spring Data Redis repositories in DEFAULT mode.
2025-12-17 08:52:53.747 [main] INFO  o.s.d.r.config.RepositoryConfigurationDelegate - Finished Spring Data repository scanning in 19 ms. Found 0 Redis repository interfaces.
2025-12-17 08:52:54.706 [main] INFO  o.s.boot.web.embedded.tomcat.TomcatWebServer - Tomcat initialized with port(s): 9050 (http)
2025-12-17 08:52:54.719 [main] INFO  org.apache.catalina.core.StandardService - Starting service [Tomcat]
2025-12-17 08:52:54.720 [main] INFO  org.apache.catalina.core.StandardEngine - Starting Servlet engine: [Apache Tomcat/9.0.83]
2025-12-17 08:52:55.048 [main] INFO  o.a.c.core.ContainerBase.[Tomcat].[localhost].[/] - Initializing Spring embedded WebApplicationContext
2025-12-17 08:52:55.048 [main] INFO  o.s.b.w.s.c.ServletWebServerApplicationContext - Root WebApplicationContext: initialization completed in 2617 ms
2025-12-17 08:52:57.308 [main] INFO  o.s.b.actuate.endpoint.web.EndpointLinksResolver - Exposing 3 endpoint(s) beneath base path '/actuator'
2025-12-17 08:52:57.396 [main] INFO  o.s.boot.web.embedded.tomcat.TomcatWebServer - Tomcat started on port(s): 9050 (http) with context path ''
2025-12-17 08:52:57.425 [main] INFO  com.blog.analytics.BlogAnalyticsApplication - Started BlogAnalyticsApplication in 5.891 seconds (JVM running for 7.929)
2025-12-17 08:52:57.437 [main] INFO  com.blog.analytics.config.DatabaseTest - 数据源类型: com.zaxxer.hikari.HikariDataSource
2025-12-17 08:52:57.439 [main] INFO  com.blog.analytics.config.DatabaseTest - 测试数据库连接...
2025-12-17 08:52:57.445 [main] INFO  com.zaxxer.hikari.HikariDataSource - BlogAnalyticsHikariCP - Starting...
2025-12-17 08:52:58.137 [main] INFO  com.zaxxer.hikari.HikariDataSource - BlogAnalyticsHikariCP - Start completed.
2025-12-17 08:52:58.207 [main] INFO  com.blog.analytics.config.DatabaseTest - 数据库连接测试成功，返回值: 1
2025-12-17 08:52:58.250 [main] INFO  com.blog.analytics.config.DatabaseTest - MySQL版本: 8.0.24
2025-12-17 08:52:58.372 [main] INFO  com.blog.analytics.config.DatabaseTest - 数据库表创建测试成功
2025-12-17 08:52:58.490 [main] INFO  com.blog.analytics.config.DatabaseTest - 测试表清理完成
2025-12-17 08:52:58.491 [main] INFO  com.blog.analytics.config.DatabaseTest - 数据库连接配置验证通过！
2025-12-17 17:25:32.447 [main] INFO  com.blog.analytics.BlogAnalyticsApplication - Starting BlogAnalyticsApplication v1.0.0-SNAPSHOT using Java 17.0.16 on zhnagqi17 with PID 5920 (D:\project\github\hoppinzq-blog-back\target\hoppinzq-blog-back-1.0.0-SNAPSHOT.jar started by zhangqi17 in D:\project\github\hoppinzq-blog-back)
2025-12-17 17:25:32.457 [main] DEBUG com.blog.analytics.BlogAnalyticsApplication - Running with Spring Boot v2.7.18, Spring v5.3.31
2025-12-17 17:25:32.462 [main] INFO  com.blog.analytics.BlogAnalyticsApplication - No active profile set, falling back to 1 default profile: "default"
